<?xml version="1.0" encoding="UTF-8"?>
<testng-results skipped="0" failed="0" ignored="0" total="1" passed="1">
  <reporter-output>
  </reporter-output>
  <suite name="Default suite" duration-ms="77593" started-at="2020-07-14T10:53:42 IST" finished-at="2020-07-14T10:54:59 IST">
    <groups>
    </groups>
    <test name="Default test" duration-ms="77593" started-at="2020-07-14T10:53:42 IST" finished-at="2020-07-14T10:54:59 IST">
      <class name="com.denefitsBusiness.com.testCases.createContractTest">
        <test-method status="PASS" signature="createContract(java.util.Hashtable)[pri:0, instance:com.denefitsBusiness.com.testCases.createContractTest@78e117e3]" name="createContract" duration-ms="76089" started-at="2020-07-14T10:53:43 IST" data-provider="data" finished-at="2020-07-14T10:54:59 IST">
          <params>
            <param index="0">
              <value>
                <![CDATA[{CustomerEmail=testpatient14july@mailinator.com, ServiceCost=1000.0, ContractType=2.0, DownPayment=100.0, Runmode=Y, Browser=Mozilla}]]>
              </value>
            </param>
          </params>
          <reporter-output>
          </reporter-output>
        </test-method> <!-- createContract -->
        <test-method status="PASS" signature="quit()[pri:0, instance:com.denefitsBusiness.com.testCases.createContractTest@78e117e3]" name="quit" is-config="true" duration-ms="558" started-at="2020-07-14T10:54:59 IST" finished-at="2020-07-14T10:54:59 IST">
          <reporter-output>
          </reporter-output>
        </test-method> <!-- quit -->
      </class> <!-- com.denefitsBusiness.com.testCases.createContractTest -->
    </test> <!-- Default test -->
  </suite> <!-- Default suite -->
</testng-results>
